[debug] [2021-05-27T16:31:45.470Z] ----------------------------------------------------------------------
[debug] [2021-05-27T16:31:45.474Z] Command:       /usr/local/bin/node /usr/local/bin/firebase deploy
[debug] [2021-05-27T16:31:45.474Z] CLI Version:   9.11.0
[debug] [2021-05-27T16:31:45.475Z] Platform:      darwin
[debug] [2021-05-27T16:31:45.475Z] Node Version:  v14.16.0
[debug] [2021-05-27T16:31:45.491Z] Time:          Thu May 27 2021 22:01:45 GMT+0530 (India Standard Time)
[debug] [2021-05-27T16:31:45.492Z] ----------------------------------------------------------------------
[debug] 
[debug] [2021-05-27T16:31:45.513Z] > command requires scopes: ["email","openid","https://www.googleapis.com/auth/cloudplatformprojects.readonly","https://www.googleapis.com/auth/firebase","https://www.googleapis.com/auth/cloud-platform"]
[debug] [2021-05-27T16:31:45.515Z] > authorizing via signed-in user (ganeshkoushik313@gmail.com)
[debug] [2021-05-27T16:31:45.516Z] [iam] checking project covid-app-e92be for permissions ["firebase.projects.get","firebasehosting.sites.update"]
[debug] [2021-05-27T16:31:45.519Z] > refreshing access token with scopes: ["email","https://www.googleapis.com/auth/cloud-platform","https://www.googleapis.com/auth/cloudplatformprojects.readonly","https://www.googleapis.com/auth/firebase","openid"]
[debug] [2021-05-27T16:31:45.519Z] >>> HTTP REQUEST POST https://www.googleapis.com/oauth2/v3/token  
 <request body omitted>
[debug] [2021-05-27T16:31:45.797Z] <<< HTTP RESPONSE 200 {"cache-control":"no-cache, no-store, max-age=0, must-revalidate","expires":"Mon, 01 Jan 1990 00:00:00 GMT","pragma":"no-cache","date":"Thu, 27 May 2021 16:31:45 GMT","content-type":"application/json; charset=utf-8","vary":"X-Origin, Referer, Origin,Accept-Encoding","server":"scaffolding on HTTPServer2","x-xss-protection":"0","x-frame-options":"SAMEORIGIN","x-content-type-options":"nosniff","alt-svc":"h3-29=\":443\"; ma=2592000,h3-T051=\":443\"; ma=2592000,h3-Q050=\":443\"; ma=2592000,h3-Q046=\":443\"; ma=2592000,h3-Q043=\":443\"; ma=2592000,quic=\":443\"; ma=2592000; v=\"46,43\"","accept-ranges":"none","transfer-encoding":"chunked"}
[debug] [2021-05-27T16:31:45.821Z] >>> HTTP REQUEST POST https://cloudresourcemanager.googleapis.com/v1/projects/covid-app-e92be:testIamPermissions  
 {"permissions":["firebase.projects.get","firebasehosting.sites.update"]}
[debug] [2021-05-27T16:31:47.059Z] <<< HTTP RESPONSE 200 {"content-type":"application/json; charset=UTF-8","vary":"X-Origin, Referer, Origin,Accept-Encoding","date":"Thu, 27 May 2021 16:31:47 GMT","server":"ESF","cache-control":"private","x-xss-protection":"0","x-frame-options":"SAMEORIGIN","x-content-type-options":"nosniff","server-timing":"gfet4t7; dur=1152","alt-svc":"h3-29=\":443\"; ma=2592000,h3-T051=\":443\"; ma=2592000,h3-Q050=\":443\"; ma=2592000,h3-Q046=\":443\"; ma=2592000,h3-Q043=\":443\"; ma=2592000,quic=\":443\"; ma=2592000; v=\"46,43\"","accept-ranges":"none","transfer-encoding":"chunked"}
[debug] [2021-05-27T16:31:47.061Z] > refreshing access token with scopes: []
[debug] [2021-05-27T16:31:47.062Z] >>> HTTP REQUEST POST https://www.googleapis.com/oauth2/v3/token  
 <request body omitted>
[debug] [2021-05-27T16:31:47.179Z] <<< HTTP RESPONSE 200 {"date":"Thu, 27 May 2021 16:31:47 GMT","cache-control":"no-cache, no-store, max-age=0, must-revalidate","expires":"Mon, 01 Jan 1990 00:00:00 GMT","pragma":"no-cache","content-type":"application/json; charset=utf-8","vary":"X-Origin, Referer, Origin,Accept-Encoding","server":"scaffolding on HTTPServer2","x-xss-protection":"0","x-frame-options":"SAMEORIGIN","x-content-type-options":"nosniff","alt-svc":"h3-29=\":443\"; ma=2592000,h3-T051=\":443\"; ma=2592000,h3-Q050=\":443\"; ma=2592000,h3-Q046=\":443\"; ma=2592000,h3-Q043=\":443\"; ma=2592000,quic=\":443\"; ma=2592000; v=\"46,43\"","accept-ranges":"none","transfer-encoding":"chunked"}
[debug] [2021-05-27T16:31:47.213Z] >>> [apiv2][query] GET https://firebase.googleapis.com/v1beta1/projects/covid-app-e92be [none]
[debug] [2021-05-27T16:32:17.221Z] Timeout reached making request to https://firebase.googleapis.com/v1beta1/projects/covid-app-e92be
[debug] [2021-05-27T16:32:17.394Z] FirebaseError: Timeout reached making request to https://firebase.googleapis.com/v1beta1/projects/covid-app-e92be
    at Client.doRequest (/usr/local/lib/node_modules/firebase-tools/lib/apiv2.js:209:23)
    at processTicksAndRejections (internal/process/task_queues.js:93:5)
    at async Client.request (/usr/local/lib/node_modules/firebase-tools/lib/apiv2.js:96:20)
    at async Object.getFirebaseProject (/usr/local/lib/node_modules/firebase-tools/lib/management/projects.js:290:21)
    at async Object.getDefaultHostingSite (/usr/local/lib/node_modules/firebase-tools/lib/getDefaultHostingSite.js:8:21)
    at async requireHostingSite (/usr/local/lib/node_modules/firebase-tools/lib/requireHostingSite.js:9:18)
    at async Object.fn (/usr/local/lib/node_modules/firebase-tools/lib/commands/deploy.js:66:9)
    at async /usr/local/lib/node_modules/firebase-tools/lib/command.js:169:17
[error] 
[error] Error: Failed to get Firebase project covid-app-e92be. Please make sure the project exists and your account has permission to access it.
